<?xml version="1.0" encoding="UTF-8"?>
<testsuite name="com.jojoidu.book.springboot.web.HelloControllerTest" tests="2" skipped="0" failures="0" errors="0" timestamp="2021-01-02T09:11:33" hostname="DESKTOP-CRI7L3U" time="0.153">
  <properties/>
  <testcase name="hello가_리턴된다" classname="com.jojoidu.book.springboot.web.HelloControllerTest" time="0.052"/>
  <testcase name="helloDto가_리턴된다" classname="com.jojoidu.book.springboot.web.HelloControllerTest" time="0.1"/>
  <system-out><![CDATA[2021-01-02 18:11:33.379  INFO 28296 --- [    Test worker] .b.t.a.w.s.WebMvcTestContextBootstrapper : Neither @ContextConfiguration nor @ContextHierarchy found for test class [com.jojoidu.book.springboot.web.HelloControllerTest], using SpringBootContextLoader
2021-01-02 18:11:33.380  INFO 28296 --- [    Test worker] o.s.t.c.support.AbstractContextLoader    : Could not detect default resource locations for test class [com.jojoidu.book.springboot.web.HelloControllerTest]: no resource found for suffixes {-context.xml, Context.groovy}.
2021-01-02 18:11:33.380  INFO 28296 --- [    Test worker] t.c.s.AnnotationConfigContextLoaderUtils : Could not detect default configuration classes for test class [com.jojoidu.book.springboot.web.HelloControllerTest]: HelloControllerTest does not declare any static, non-private, non-final, nested classes annotated with @Configuration.
2021-01-02 18:11:33.401  INFO 28296 --- [    Test worker] .b.t.c.SpringBootTestContextBootstrapper : Found @SpringBootConfiguration com.jojoidu.book.springboot.Application for test class com.jojoidu.book.springboot.web.HelloControllerTest
2021-01-02 18:11:33.401  INFO 28296 --- [    Test worker] .b.t.a.w.s.WebMvcTestContextBootstrapper : Loaded default TestExecutionListener class names from location [META-INF/spring.factories]: [org.springframework.security.test.context.support.WithSecurityContextTestExecutionListener, org.springframework.security.test.context.support.ReactorContextTestExecutionListener, org.springframework.boot.test.autoconfigure.restdocs.RestDocsTestExecutionListener, org.springframework.boot.test.autoconfigure.web.client.MockRestServiceServerResetTestExecutionListener, org.springframework.boot.test.autoconfigure.web.servlet.MockMvcPrintOnlyOnFailureTestExecutionListener, org.springframework.boot.test.autoconfigure.web.servlet.WebDriverTestExecutionListener, org.springframework.boot.test.mock.mockito.MockitoTestExecutionListener, org.springframework.boot.test.mock.mockito.ResetMocksTestExecutionListener, org.springframework.test.context.web.ServletTestExecutionListener, org.springframework.test.context.support.DirtiesContextBeforeModesTestExecutionListener, org.springframework.test.context.support.DependencyInjectionTestExecutionListener, org.springframework.test.context.support.DirtiesContextTestExecutionListener, org.springframework.test.context.transaction.TransactionalTestExecutionListener, org.springframework.test.context.jdbc.SqlScriptsTestExecutionListener]
2021-01-02 18:11:33.402  INFO 28296 --- [    Test worker] .b.t.a.w.s.WebMvcTestContextBootstrapper : Using TestExecutionListeners: [org.springframework.test.context.web.ServletTestExecutionListener@2c83ec80, org.springframework.test.context.support.DirtiesContextBeforeModesTestExecutionListener@7b814fdd, org.springframework.boot.test.mock.mockito.MockitoTestExecutionListener@60fd71fa, org.springframework.boot.test.autoconfigure.SpringBootDependencyInjectionTestExecutionListener@41cb19f1, org.springframework.test.context.support.DirtiesContextTestExecutionListener@729f1aa4, org.springframework.test.context.transaction.TransactionalTestExecutionListener@3915c8d, org.springframework.test.context.jdbc.SqlScriptsTestExecutionListener@8e88fa4, org.springframework.security.test.context.support.WithSecurityContextTestExecutionListener@11f51bd9, org.springframework.security.test.context.support.ReactorContextTestExecutionListener@1bb56979, org.springframework.boot.test.autoconfigure.restdocs.RestDocsTestExecutionListener@12492bb6, org.springframework.boot.test.autoconfigure.web.client.MockRestServiceServerResetTestExecutionListener@5e9003f4, org.springframework.boot.test.autoconfigure.web.servlet.MockMvcPrintOnlyOnFailureTestExecutionListener@6702e02c, org.springframework.boot.test.autoconfigure.web.servlet.WebDriverTestExecutionListener@574cb314, org.springframework.boot.test.mock.mockito.ResetMocksTestExecutionListener@c8326d0]

  .   ____          _            __ _ _
 /\\ / ___'_ __ _ _(_)_ __  __ _ \ \ \ \
( ( )\___ | '_ | '_| | '_ \/ _` | \ \ \ \
 \\/  ___)| |_)| | | | | || (_| |  ) ) ) )
  '  |____| .__|_| |_|_| |_\__, | / / / /
 =========|_|==============|___/=/_/_/_/
 :: Spring Boot ::        (v2.1.7.RELEASE)

2021-01-02 18:11:33.420  INFO 28296 --- [    Test worker] c.j.b.s.web.HelloControllerTest          : Starting HelloControllerTest on DESKTOP-CRI7L3U with PID 28296 (started by CJ in E:\학습\intellij)
2021-01-02 18:11:33.421  INFO 28296 --- [    Test worker] c.j.b.s.web.HelloControllerTest          : No active profile set, falling back to default profiles: default
2021-01-02 18:11:33.677  INFO 28296 --- [    Test worker] o.s.s.concurrent.ThreadPoolTaskExecutor  : Initializing ExecutorService 'applicationTaskExecutor'
2021-01-02 18:11:33.697  INFO 28296 --- [    Test worker] o.s.b.a.w.s.WelcomePageHandlerMapping    : Adding welcome page template: index
2021-01-02 18:11:33.815  INFO 28296 --- [    Test worker] .s.s.UserDetailsServiceAutoConfiguration : 

Using generated security password: 4f12840b-ac1c-4189-a109-bda4549c260e

2021-01-02 18:11:33.892  INFO 28296 --- [    Test worker] o.s.s.web.DefaultSecurityFilterChain     : Creating filter chain: any request, [org.springframework.security.web.context.request.async.WebAsyncManagerIntegrationFilter@6731950b, org.springframework.security.web.context.SecurityContextPersistenceFilter@77f57bae, org.springframework.security.web.header.HeaderWriterFilter@8878c2, org.springframework.security.web.csrf.CsrfFilter@57bd5386, org.springframework.security.web.authentication.logout.LogoutFilter@33d50f9c, org.springframework.security.web.authentication.UsernamePasswordAuthenticationFilter@7e274dd3, org.springframework.security.web.authentication.ui.DefaultLoginPageGeneratingFilter@45a99541, org.springframework.security.web.authentication.ui.DefaultLogoutPageGeneratingFilter@90161c2, org.springframework.security.web.authentication.www.BasicAuthenticationFilter@5da3713a, org.springframework.security.web.savedrequest.RequestCacheAwareFilter@1a7d7436, org.springframework.security.web.servletapi.SecurityContextHolderAwareRequestFilter@597041d3, org.springframework.security.web.authentication.AnonymousAuthenticationFilter@4f6deb79, org.springframework.security.web.session.SessionManagementFilter@3d943a36, org.springframework.security.web.access.ExceptionTranslationFilter@46c57402, org.springframework.security.web.access.intercept.FilterSecurityInterceptor@3887ebae]
2021-01-02 18:11:33.913  INFO 28296 --- [    Test worker] o.s.b.t.m.w.SpringBootMockServletContext : Initializing Spring TestDispatcherServlet ''
2021-01-02 18:11:33.913  INFO 28296 --- [    Test worker] o.s.t.web.servlet.TestDispatcherServlet  : Initializing Servlet ''
2021-01-02 18:11:33.922  INFO 28296 --- [    Test worker] o.s.t.web.servlet.TestDispatcherServlet  : Completed initialization in 9 ms
2021-01-02 18:11:33.941  INFO 28296 --- [    Test worker] c.j.b.s.web.HelloControllerTest          : Started HelloControllerTest in 0.538 seconds (JVM running for 5.741)
]]></system-out>
  <system-err><![CDATA[]]></system-err>
</testsuite>
